0 info it worked if it ends with ok
1 verbose cli [ 'C:\\Program Files\\nodejs\\node.exe',
1 verbose cli   'C:\\Users\\sssch\\AppData\\Roaming\\npm\\node_modules\\npm\\bin\\npm-cli.js',
1 verbose cli   'install',
1 verbose cli   'node-wintab' ]
2 info using npm@3.10.7
3 info using node@v8.5.0
4 silly loadCurrentTree Starting
5 silly install loadCurrentTree
6 silly install readLocalPackageData
7 silly fetchPackageMetaData node-wintab
8 silly fetchNamedPackageData node-wintab
9 silly mapToRegistry name node-wintab
10 silly mapToRegistry using default registry
11 silly mapToRegistry registry https://registry.npmjs.org/
12 silly mapToRegistry data Result {
12 silly mapToRegistry   raw: 'node-wintab',
12 silly mapToRegistry   scope: null,
12 silly mapToRegistry   escapedName: 'node-wintab',
12 silly mapToRegistry   name: 'node-wintab',
12 silly mapToRegistry   rawSpec: '',
12 silly mapToRegistry   spec: 'latest',
12 silly mapToRegistry   type: 'tag' }
13 silly mapToRegistry uri https://registry.npmjs.org/node-wintab
14 verbose request uri https://registry.npmjs.org/node-wintab
15 verbose request no auth needed
16 info attempt registry request try #1 at 21:37:34
17 verbose request using bearer token for auth
18 verbose request id c570caf5c69f40c5
19 http request GET https://registry.npmjs.org/node-wintab
20 http 200 https://registry.npmjs.org/node-wintab
21 verbose headers { server: 'nginx/1.10.1',
21 verbose headers   'content-type': 'application/json',
21 verbose headers   'last-modified': 'Sun, 16 Mar 2014 14:38:43 GMT',
21 verbose headers   etag: 'W/"5325b773-1728"',
21 verbose headers   'content-encoding': 'gzip',
21 verbose headers   'cache-control': 'max-age=300',
21 verbose headers   'transfer-encoding': 'chunked',
21 verbose headers   'accept-ranges': 'bytes',
21 verbose headers   date: 'Sat, 04 Nov 2017 04:37:34 GMT',
21 verbose headers   via: '1.1 varnish',
21 verbose headers   connection: 'keep-alive',
21 verbose headers   'x-served-by': 'cache-sjc3638-SJC',
21 verbose headers   'x-cache': 'MISS',
21 verbose headers   'x-cache-hits': '0',
21 verbose headers   'x-timer': 'S1509770255.590208,VS0,VE63',
21 verbose headers   vary: 'Accept-Encoding, Accept' }
22 silly get cb [ 200,
22 silly get   { server: 'nginx/1.10.1',
22 silly get     'content-type': 'application/json',
22 silly get     'last-modified': 'Sun, 16 Mar 2014 14:38:43 GMT',
22 silly get     etag: 'W/"5325b773-1728"',
22 silly get     'content-encoding': 'gzip',
22 silly get     'cache-control': 'max-age=300',
22 silly get     'transfer-encoding': 'chunked',
22 silly get     'accept-ranges': 'bytes',
22 silly get     date: 'Sat, 04 Nov 2017 04:37:34 GMT',
22 silly get     via: '1.1 varnish',
22 silly get     connection: 'keep-alive',
22 silly get     'x-served-by': 'cache-sjc3638-SJC',
22 silly get     'x-cache': 'MISS',
22 silly get     'x-cache-hits': '0',
22 silly get     'x-timer': 'S1509770255.590208,VS0,VE63',
22 silly get     vary: 'Accept-Encoding, Accept' } ]
23 verbose get saving node-wintab to C:\Users\sssch\AppData\Roaming\npm-cache\registry.npmjs.org\node-wintab\.cache.json
24 verbose correctMkdir C:\Users\sssch\AppData\Roaming\npm-cache correctMkdir not in flight; initializing
25 silly install normalizeTree
26 silly loadCurrentTree Finishing
27 silly loadIdealTree Starting
28 silly install loadIdealTree
29 silly cloneCurrentTree Starting
30 silly install cloneCurrentTreeToIdealTree
31 silly cloneCurrentTree Finishing
32 silly loadShrinkwrap Starting
33 silly install loadShrinkwrap
34 silly loadShrinkwrap Finishing
35 silly loadAllDepsIntoIdealTree Starting
36 silly install loadAllDepsIntoIdealTree
37 silly resolveWithNewModule node-wintab@0.2.1 checking installable status
38 silly cache add args [ 'node-wintab', null ]
39 verbose cache add spec node-wintab
40 silly cache add parsed spec Result {
40 silly cache add   raw: 'node-wintab',
40 silly cache add   scope: null,
40 silly cache add   escapedName: 'node-wintab',
40 silly cache add   name: 'node-wintab',
40 silly cache add   rawSpec: '',
40 silly cache add   spec: 'latest',
40 silly cache add   type: 'tag' }
41 silly addNamed node-wintab@latest
42 verbose addNamed "latest" is being treated as a dist-tag for node-wintab
43 info addNameTag [ 'node-wintab', 'latest' ]
44 silly mapToRegistry name node-wintab
45 silly mapToRegistry using default registry
46 silly mapToRegistry registry https://registry.npmjs.org/
47 silly mapToRegistry data Result {
47 silly mapToRegistry   raw: 'node-wintab',
47 silly mapToRegistry   scope: null,
47 silly mapToRegistry   escapedName: 'node-wintab',
47 silly mapToRegistry   name: 'node-wintab',
47 silly mapToRegistry   rawSpec: '',
47 silly mapToRegistry   spec: 'latest',
47 silly mapToRegistry   type: 'tag' }
48 silly mapToRegistry uri https://registry.npmjs.org/node-wintab
49 verbose addNameTag registry:https://registry.npmjs.org/node-wintab not in flight; fetching
50 verbose get https://registry.npmjs.org/node-wintab not expired, no request
51 silly addNameTag next cb for node-wintab with tag latest
52 silly addNamed node-wintab@0.2.1
53 verbose addNamed "0.2.1" is a plain semver version for node-wintab
54 silly mapToRegistry name node-wintab
55 silly mapToRegistry using default registry
56 silly mapToRegistry registry https://registry.npmjs.org/
57 silly mapToRegistry data Result {
57 silly mapToRegistry   raw: 'node-wintab',
57 silly mapToRegistry   scope: null,
57 silly mapToRegistry   escapedName: 'node-wintab',
57 silly mapToRegistry   name: 'node-wintab',
57 silly mapToRegistry   rawSpec: '',
57 silly mapToRegistry   spec: 'latest',
57 silly mapToRegistry   type: 'tag' }
58 silly mapToRegistry uri https://registry.npmjs.org/node-wintab
59 verbose addRemoteTarball https://registry.npmjs.org/node-wintab/-/node-wintab-0.2.1.tgz not in flight; adding
60 verbose addRemoteTarball [ 'https://registry.npmjs.org/node-wintab/-/node-wintab-0.2.1.tgz',
60 verbose addRemoteTarball   'f218bd8e2b4a49f01d11f458168a373e3e4abf01' ]
61 info retry fetch attempt 1 at 21:37:34
62 info attempt registry request try #1 at 21:37:34
63 http fetch GET https://registry.npmjs.org/node-wintab/-/node-wintab-0.2.1.tgz
64 verbose request using bearer token for auth
65 http fetch 200 https://registry.npmjs.org/node-wintab/-/node-wintab-0.2.1.tgz
66 silly fetchAndShaCheck shasum f218bd8e2b4a49f01d11f458168a373e3e4abf01
67 verbose addTmpTarball C:\Users\sssch\AppData\Local\Temp\npm-796-ac9dcac6\registry.npmjs.org\node-wintab\-\node-wintab-0.2.1.tgz not in flight; adding
68 verbose addTmpTarball already have metadata; skipping unpack for node-wintab@0.2.1
69 verbose correctMkdir C:\Users\sssch\AppData\Roaming\npm-cache correctMkdir not in flight; initializing
70 silly cache afterAdd node-wintab@0.2.1
71 verbose afterAdd C:\Users\sssch\AppData\Roaming\npm-cache\node-wintab\0.2.1\package\package.json not in flight; writing
72 verbose correctMkdir C:\Users\sssch\AppData\Roaming\npm-cache correctMkdir not in flight; initializing
73 verbose afterAdd C:\Users\sssch\AppData\Roaming\npm-cache\node-wintab\0.2.1\package\package.json written
74 silly loadAllDepsIntoIdealTree Finishing
75 silly loadIdealTree Finishing
76 silly currentTree PLUTO_client@0.0.1
76 silly currentTree +-- filth@0.1.1
76 silly currentTree `-- scum@0.0.1
77 silly idealTree PLUTO_client@0.0.1
77 silly idealTree +-- filth@0.1.1
77 silly idealTree +-- node-wintab@0.2.1
77 silly idealTree `-- scum@0.0.1
78 silly generateActionsToTake Starting
79 silly install generateActionsToTake
80 silly generateActionsToTake Finishing
81 silly diffTrees action count 1
82 silly diffTrees add node-wintab@0.2.1
83 silly decomposeActions action count 8
84 silly decomposeActions fetch node-wintab@0.2.1
85 silly decomposeActions extract node-wintab@0.2.1
86 silly decomposeActions test node-wintab@0.2.1
87 silly decomposeActions preinstall node-wintab@0.2.1
88 silly decomposeActions build node-wintab@0.2.1
89 silly decomposeActions install node-wintab@0.2.1
90 silly decomposeActions postinstall node-wintab@0.2.1
91 silly decomposeActions finalize node-wintab@0.2.1
92 silly runTopLevelLifecycles Starting
93 silly executeActions Starting
94 silly install executeActions
95 silly doSerial global-install 0
96 silly doParallel fetch 1
97 verbose correctMkdir C:\Users\sssch\AppData\Roaming\npm-cache\_locks correctMkdir not in flight; initializing
98 verbose lock using C:\Users\sssch\AppData\Roaming\npm-cache\_locks\staging-9ff62121d9422a18.lock for C:\code\PLUTO\app\node_modules\.staging
99 silly doParallel extract 1
100 silly extract node-wintab@0.2.1
101 verbose unbuild node_modules\.staging\node-wintab-ca594a97
102 silly gentlyRm C:\code\PLUTO\app\node_modules\.staging\node-wintab-ca594a97 is being purged from base C:\code\PLUTO\app
103 verbose gentlyRm don't care about contents; nuking C:\code\PLUTO\app\node_modules\.staging\node-wintab-ca594a97
104 verbose tar unpack C:\Users\sssch\AppData\Roaming\npm-cache\node-wintab\0.2.1\package.tgz
105 verbose tar unpacking to C:\code\PLUTO\app\node_modules\.staging\node-wintab-ca594a97
106 silly gentlyRm C:\code\PLUTO\app\node_modules\.staging\node-wintab-ca594a97 is being purged
107 verbose gentlyRm don't care about contents; nuking C:\code\PLUTO\app\node_modules\.staging\node-wintab-ca594a97
108 silly gunzTarPerm modes [ '777', '666' ]
109 silly gunzTarPerm extractEntry package.json
110 silly gunzTarPerm extractEntry .npmignore
111 silly gunzTarPerm extractEntry README.md
112 silly gunzTarPerm extractEntry wintab.js
113 silly gunzTarPerm extractEntry Utils.cc
114 silly gunzTarPerm extractEntry MSGPACK.H
115 silly gunzTarPerm extractEntry WINTAB.H
116 silly gunzTarPerm extractEntry binding.gyp
117 silly gunzTarPerm extractEntry PKTDEF.H
118 silly gunzTarPerm extractEntry wintab.cc
119 silly gunzTarPerm extractEntry Utils.h
120 silly gentlyRm C:\code\PLUTO\app\node_modules\.staging\node-wintab-ca594a97\node_modules is being purged
121 verbose gentlyRm don't care about contents; nuking C:\code\PLUTO\app\node_modules\.staging\node-wintab-ca594a97\node_modules
122 silly doParallel preinstall 1
123 silly preinstall node-wintab@0.2.1 C:\code\PLUTO\app\node_modules\.staging\node-wintab-ca594a97
124 info lifecycle node-wintab@0.2.1~preinstall: node-wintab@0.2.1
125 silly lifecycle node-wintab@0.2.1~preinstall: no script for preinstall, continuing
126 silly doReverseSerial remove 0
127 silly doSerial move 0
128 silly doSerial finalize 1
129 silly finalize C:\code\PLUTO\app\node_modules\node-wintab
130 silly doSerial build 1
131 silly build node-wintab@0.2.1
132 info linkStuff node-wintab@0.2.1
133 silly linkStuff node-wintab@0.2.1 has C:\code\PLUTO\app\node_modules as its parent node_modules
134 verbose linkBins node-wintab@0.2.1
135 verbose linkMans node-wintab@0.2.1
136 silly doSerial global-link 0
137 silly doParallel update-linked 0
138 silly doSerial install 1
139 silly install node-wintab@0.2.1 C:\code\PLUTO\app\node_modules\.staging\node-wintab-ca594a97
140 info lifecycle node-wintab@0.2.1~install: node-wintab@0.2.1
141 verbose lifecycle node-wintab@0.2.1~install: unsafe-perm in lifecycle true
142 verbose lifecycle node-wintab@0.2.1~install: PATH: C:\Users\sssch\AppData\Roaming\npm\node_modules\npm\bin\node-gyp-bin;C:\code\PLUTO\app\node_modules\node-wintab\node_modules\.bin;C:\code\PLUTO\app\node_modules\.bin;C:\Users\sssch\bin;C:\Program Files\Git\mingw64\bin;C:\Program Files\Git\usr\local\bin;C:\Program Files\Git\usr\bin;C:\Program Files\Git\usr\bin;C:\Program Files\Git\mingw64\bin;C:\Program Files\Git\usr\bin;C:\Users\sssch\bin;C:\WINDOWS;C:\WINDOWS;C:\ProgramData\Oracle\Java\javapath;C:\Windows\system32;C:\Windows;C:\Windows\System32\Wbem;C:\Windows\System32\WindowsPowerShell\v1.0;C:\Program Files (x86)\NVIDIA Corporation\PhysX\Common;C:\Program Files\Microsoft Windows Performance Toolkit;C:\Program Files (x86)\Windows Kits\10\Windows Performance Toolkit;C:\Program Files\Microsoft SQL Server\110\Tools\Binn;C:\Program Files (x86)\Microsoft SDKs\TypeScript\1.0;C:\Program Files\Microsoft SQL Server\120\Tools\Binn;C:\Program Files\Git\cmd;C:\Program Files (x86)\Skype\Phone;C:\Program Files (x86)\GtkSharp\2.12\bin;C:\Program Files\Microsoft SQL Server\130\Tools\Binn;C:\WINDOWS\system32;C:\WINDOWS;C:\WINDOWS\System32\Wbem;C:\WINDOWS\System32\WindowsPowerShell\v1.0;C:\Program Files\Rust stable MSVC 1.10\bin;C:\Program Files (x86)\Tesseract-OCR;C:\Program Files\CMake\bin;C:\Program Files\nodejs;C:\Windows\system32;C:\Windows;C:\Windows\System32\Wbem;C:\Windows\System32\WindowsPowerShell\v1.0;C:\Program Files (x86)\NVIDIA Corporation\PhysX\Common;C:\Program Files\nodejs;C:\Program Files\Microsoft Windows Performance Toolkit;C:\Program Files (x86)\Windows Kits\10\Windows Performance Toolkit;C:\Program Files\Microsoft SQL Server\110\Tools\Binn;C:\Program Files (x86)\Microsoft SDKs\TypeScript\1.0;C:\Program Files\Microsoft SQL Server\120\Tools\Binn;C:\Program Files\MongoDB\Server\3.0\bin;C:\Python27;C:\Users\sssch\Downloads\apache-ant-1.9.6-bin\apache-ant-1.9.6\bin;C:\Program Files\Java\jdk1.8.0_65\bin;C:\Users\sssch\AppData\Local\Android\sdk;C:\Users\sssch\AppData\Local\Android\sdk\tools;C:\Users\sssch\AppData\Local\Android\sdk\platform-tools;C:\Python27\scripts;C:\Program Files (x86)\Microsoft Visual Studio 14.0\VC\bin;C:\Program Files (x86)\Microsoft Visual Studio 14.0\VC\include;C:\Users\sssch\AppData\Local\Microsoft\WindowsApps;C:\Users\sssch\AppData\Roaming\npm;C:\Program Files\Git\usr\bin\vendor_perl;C:\Program Files\Git\usr\bin\core_perl
143 verbose lifecycle node-wintab@0.2.1~install: CWD: C:\code\PLUTO\app\node_modules\node-wintab
144 silly lifecycle node-wintab@0.2.1~install: Args: [ '/d /s /c', 'node-gyp rebuild' ]
145 silly lifecycle node-wintab@0.2.1~install: Returned: code: 1  signal: null
146 info lifecycle node-wintab@0.2.1~install: Failed to exec install script
147 verbose unlock done using C:\Users\sssch\AppData\Roaming\npm-cache\_locks\staging-9ff62121d9422a18.lock for C:\code\PLUTO\app\node_modules\.staging
148 silly rollbackFailedOptional Starting
149 silly rollbackFailedOptional Finishing
150 silly runTopLevelLifecycles Finishing
151 silly install printInstalled
152 warn PLUTO_client@0.0.1 No description
153 warn PLUTO_client@0.0.1 No repository field.
154 warn PLUTO_client@0.0.1 No license field.
155 verbose stack Error: node-wintab@0.2.1 install: `node-gyp rebuild`
155 verbose stack Exit status 1
155 verbose stack     at EventEmitter.<anonymous> (C:\Users\sssch\AppData\Roaming\npm\node_modules\npm\lib\utils\lifecycle.js:255:16)
155 verbose stack     at emitTwo (events.js:125:13)
155 verbose stack     at EventEmitter.emit (events.js:213:7)
155 verbose stack     at ChildProcess.<anonymous> (C:\Users\sssch\AppData\Roaming\npm\node_modules\npm\lib\utils\spawn.js:40:14)
155 verbose stack     at emitTwo (events.js:125:13)
155 verbose stack     at ChildProcess.emit (events.js:213:7)
155 verbose stack     at maybeClose (internal/child_process.js:927:16)
155 verbose stack     at Process.ChildProcess._handle.onexit (internal/child_process.js:211:5)
156 verbose pkgid node-wintab@0.2.1
157 verbose cwd C:\code\PLUTO\app
158 error Windows_NT 10.0.15063
159 error argv "C:\\Program Files\\nodejs\\node.exe" "C:\\Users\\sssch\\AppData\\Roaming\\npm\\node_modules\\npm\\bin\\npm-cli.js" "install" "node-wintab"
160 error node v8.5.0
161 error npm  v3.10.7
162 error code ELIFECYCLE
163 error node-wintab@0.2.1 install: `node-gyp rebuild`
163 error Exit status 1
164 error Failed at the node-wintab@0.2.1 install script 'node-gyp rebuild'.
164 error Make sure you have the latest version of node.js and npm installed.
164 error If you do, this is most likely a problem with the node-wintab package,
164 error not with npm itself.
164 error Tell the author that this fails on your system:
164 error     node-gyp rebuild
164 error You can get information on how to open an issue for this project with:
164 error     npm bugs node-wintab
164 error Or if that isn't available, you can get their info via:
164 error     npm owner ls node-wintab
164 error There is likely additional logging output above.
165 verbose exit [ 1, true ]
